***
*** LOGGING BEGINS
***
10:43:07 <Gil_Gamesh> !banlist
11:26:46 <Gil_Gamesh> !banlist
***
*** LOGGING BEGINS
***
11:57:59 <Gil_Gamesh> !banlist
12:16:20 <Gil_Gamesh> !banlist
12:33:06 <Gil_Gamesh> !banlist
13:00:51 <Gil_Gamesh> !banlist
14:04:00 <Gil_Gamesh> !banlist
14:20:19 <Gil_Gamesh> !age
15:06:24 <Gil_Gamesh> !banlist
***
*** LOGGING BEGINS
***
16:12:28 <Gil_Gamesh> !scram
***
*** LOGGING BEGINS
***
16:53:19 <Gil_Gamesh> !help
16:56:34 <Gil_Gamesh> !findintro rar jook
16:56:45 <Gil_Gamesh> !delintro 14
16:56:49 <Gil_Gamesh> !delintro 15
16:56:57 <Gil_Gamesh> !delintro 98
